******************** Cut supremacy_16 ********************
width = 16 depth = 10 size = 24 -->
{'max_subcircuit_width': 10, 'max_subcircuit_cuts': 10, 'subcircuit_size_imbalance': 2, 'max_cuts': 10, 'num_subcircuits': [2, 3]}
Restricted license - for non-production use only - expires 2025-11-24
2 subcircuits : NO SOLUTIONS
--------------------
Cutter result:
3 subcircuits, 6 cuts
subcircuit 0
ρ qubits = 3, O qubits = 1, width = 7, effective = 6, depth = 10, size = 34
        ┌───┐        ┌─────────┐┌───┐              ┌─────────┐   ┌───┐   »
q_0: ───┤ H ├─────■──┤ Ry(π/2) ├┤ T ├────────────■─┤ Ry(π/2) ├───┤ T ├───»
        ├───┤     │  ├─────────┤└───┘┌─────────┐ │ └──┬───┬──┘   └───┘   »
q_1: ───┤ H ├─────■──┤ Ry(π/2) ├──■──┤ Rx(π/2) ├─┼────┤ T ├──────────────»
        ├───┤   ┌───┐└─────────┘  │  └─────────┘ │    └───┘              »
q_2: ───┤ H ├───┤ T ├─────────────■──────────────┼───────────────────────»
     ┌──┴───┴──┐└───┘                            │            ┌─────────┐»
q_3: ┤ Ry(π/2) ├─────────────────────────────────■──────■─────┤ Rx(π/2) ├»
     └──┬───┬──┘┌───┐                                   │     └─────────┘»
q_4: ───┤ H ├───┤ T ├───────────────────────────────────■──────────■─────»
        ├───┤   └───┘                                              │     »
q_5: ───┤ T ├──────────────────────────────────────────────────────┼─────»
     ┌──┴───┴──┐                                                   │     »
q_6: ┤ Ry(π/2) ├───────────────────────────────────────────────────■─────»
     └─────────┘                                                         »
«        ┌───┐                        
«q_0: ───┤ H ├────────────────────────
«        └───┘                   ┌───┐
«q_1: ────────────────────────■──┤ H ├
«                             │  └───┘
«q_2: ────────────────────────┼───────
«        ┌───┐      ┌───┐     │       
«q_3: ───┤ T ├──────┤ H ├─────┼───────
«        └───┘      └───┘     │  ┌───┐
«q_4: ─────■──────────────────■──┤ H ├
«          │     ┌─────────┐┌───┐└───┘
«q_5: ─────■─────┤ Rx(π/2) ├┤ H ├─────
«     ┌─────────┐└──┬───┬──┘├───┤     
«q_6: ┤ Ry(π/2) ├───┤ T ├───┤ H ├─────
«     └─────────┘   └───┘   └───┘     
subcircuit 1
ρ qubits = 1, O qubits = 3, width = 9, effective = 6, depth = 10, size = 45
     ┌───┐┌───┐                                                            »
q_0: ┤ H ├┤ T ├─────■──────────────────────────────────────────────────────»
     ├───┤└───┘     │     ┌─────────┐   ┌───┐                              »
q_1: ┤ H ├──■───────■─────┤ Rx(π/2) ├───┤ T ├──────────────────────────────»
     ├───┤  │  ┌─────────┐└─────────┘   └───┘                              »
q_2: ┤ H ├──■──┤ Rx(π/2) ├─────■─────────────────────■─────────────────────»
     └───┘     └─────────┘     │     ┌─────────┐     │          ┌─────────┐»
q_3: ──────────────────────────■─────┤ Rx(π/2) ├─────┼───────■──┤ Rx(π/2) ├»
     ┌───┐┌───┐                      └─────────┘     │       │  └─────────┘»
q_4: ┤ H ├┤ T ├───────────────────────────■──────────┼───────■─────────────»
     ├───┤├───┤                           │          │          ┌─────────┐»
q_5: ┤ H ├┤ T ├───────────────────────────┼──────────┼───────■──┤ Rx(π/2) ├»
     ├───┤├───┤                           │          │       │  ├─────────┤»
q_6: ┤ H ├┤ T ├───────────────────────────┼──────────■───────■──┤ Ry(π/2) ├»
     ├───┤└───┘┌─────────┐   ┌───┐        │                     └─────────┘»
q_7: ┤ H ├──■──┤ Ry(π/2) ├───┤ T ├────────┼────────────────────────────────»
     ├───┤  │  ├─────────┤   ├───┤        │     ┌─────────┐┌───┐   ┌───┐   »
q_8: ┤ H ├──■──┤ Ry(π/2) ├───┤ T ├────────■─────┤ Ry(π/2) ├┤ T ├───┤ H ├───»
     └───┘     └─────────┘   └───┘              └─────────┘└───┘   └───┘   »
«                               
«q_0: ──────────────────────────
«                     ┌───┐     
«q_1: ──────────■─────┤ H ├─────
«               │     └───┘     
«q_2: ──────────┼───────────────
«     ┌───┐     │          ┌───┐
«q_3: ┤ T ├─────┼───────■──┤ H ├
«     └───┘     │       │  └───┘
«q_4: ──────────┼───────┼───────
«     ┌───┐     │       │  ┌───┐
«q_5: ┤ T ├─────■───────┼──┤ H ├
«     └───┘┌─────────┐  │  ├───┤
«q_6: ──■──┤ Rx(π/2) ├──┼──┤ H ├
«       │  └─────────┘  │  ├───┤
«q_7: ──■───────────────■──┤ H ├
«                          └───┘
«q_8: ──────────────────────────
«                               
subcircuit 2
ρ qubits = 2, O qubits = 2, width = 6, effective = 4, depth = 10, size = 27
                                                      ┌─────────┐┌───┐┌───┐»
q_0: ────────────────────────────────────■──────■─────┤ Rx(π/2) ├┤ T ├┤ H ├»
     ┌───┐┌───┐                          │      │     ├─────────┤├───┤└───┘»
q_1: ┤ H ├┤ T ├──────────────────────────┼──────■─────┤ Ry(π/2) ├┤ T ├──■──»
     ├───┤└───┘              ┌─────────┐ │ ┌─────────┐└─────────┘└───┘  │  »
q_2: ┤ H ├──■──────────────■─┤ Rx(π/2) ├─■─┤ Rx(π/2) ├──────────────────┼──»
     ├───┤  │  ┌─────────┐ │ └──┬───┬──┘   ├─────────┤                  │  »
q_3: ┤ H ├──■──┤ Rx(π/2) ├─┼────┤ T ├────■─┤ Ry(π/2) ├──────────────────■──»
     ├───┤┌───┐└─────────┘ │    └───┘    │ └─────────┘                     »
q_4: ┤ H ├┤ T ├────────────■─────────────┼─────────────────────────────────»
     └───┘└───┘                          │ ┌─────────┐   ┌───┐   ┌───┐     »
q_5: ────────────────────────────────────■─┤ Rx(π/2) ├───┤ T ├───┤ H ├─────»
                                           └─────────┘   └───┘   └───┘     »
«          
«q_0: ─────
«     ┌───┐
«q_1: ┤ H ├
«     └───┘
«q_2: ─────
«     ┌───┐
«q_3: ┤ H ├
«     └───┘
«q_4: ─────
«          
«q_5: ─────
«          
Model objective value = 6.00e+00
MIP runtime: 10.593179941177368
OPTIMAL, MIP gap = 0.0
--------------------
/var/spool/slurmd/job2180090/slurm_script: line 17: 241428 Segmentation fault      (core dumped) python example.py
