******************** Cut supremacy_16 ********************
width = 16 depth = 10 size = 24 -->
{'max_subcircuit_width': 12, 'max_subcircuit_cuts': 10, 'subcircuit_size_imbalance': 2, 'max_cuts': 10, 'num_subcircuits': [2, 3]}
Restricted license - for non-production use only - expires 2025-11-24
--------------------
Cutter result:
2 subcircuits, 4 cuts
subcircuit 0
ПҒ qubits = 3, O qubits = 1, width = 11, effective = 10, depth = 10, size = 61
         в”Ңв”Җв”Җв”Җв”җ        в”Ңв”Җв”Җв”Җв”Җв”Җв”Җв”Җв”Җв”Җв”җв”Ңв”Җв”Җв”Җв”җ              в”Ңв”Җв”Җв”Җв”Җв”Җв”Җв”Җв”Җв”Җв”җ   в”Ңв”Җв”Җв”Җв”җ   В»
 q_0: в”Җв”Җв”Җв”Ө H в”ңв”Җв”Җв”Җв”Җв”Җв– в”Җв”Җв”Ө Rx(ПҖ/2) в”ңв”Ө T в”ңв”Җв”Җв”Җв”Җв”Җв”Җв”Җв”Җв”Җв”Җв”Җв”Җв– в”Җв”Ө Ry(ПҖ/2) в”ңв”Җв”Җв”Җв”Ө T в”ңв”Җв”Җв”ҖВ»
         в”ңв”Җв”Җв”Җв”Ө     в”Ӯ  в”ңв”Җв”Җв”Җв”Җв”Җв”Җв”Җв”Җв”Җв”Өв””в”Җв”Җв”Җв”ҳв”Ңв”Җв”Җв”Җв”Җв”Җв”Җв”Җв”Җв”Җв”җ в”Ӯ в””в”Җв”Җв”¬в”Җв”Җв”Җв”¬в”Җв”Җв”ҳ   в””в”Җв”Җв”Җв”ҳ   В»
 q_1: в”Җв”Җв”Җв”Ө H в”ңв”Җв”Җв”Җв”Җв”Җв– в”Җв”Җв”Ө Ry(ПҖ/2) в”ңв”Җв”Җв– в”Җв”Җв”Ө Rx(ПҖ/2) в”ңв”Җв”јв”Җв”Җв”Җв”Җв”Ө T в”ңв”Җв”Җв”Җв”Җв”Җв”Җв”Җв”Җв”Җв”Җв”Җв”Җв”Җв”ҖВ»
         в”ңв”Җв”Җв”Җв”Ө   в”Ңв”Җв”Җв”Җв”җв””в”Җв”Җв”Җв”Җв”Җв”Җв”Җв”Җв”Җв”ҳ  в”Ӯ  в””в”Җв”Җв”Җв”Җв”Җв”Җв”Җв”Җв”Җв”ҳ в”Ӯ    в””в”Җв”Җв”Җв”ҳ              В»
 q_2: в”Җв”Җв”Җв”Ө H в”ңв”Җв”Җв”Җв”Ө T в”ңв”Җв”Җв”Җв”Җв”Җв”Җв”Җв”Җв”Җв”Җв”Җв”Җв”Җв– в”Җв”Җв”Җв”Җв”Җв”Җв”Җв”Җв”Җв”Җв”Җв”Җв”Җв”Җв”јв”Җв”Җв”Җв”Җв”Җв”Җв– в”Җв”Җв”Җв”Җв”Җв”Җв”Җв”Җв”Җв”Җв– в”Җв”Җв”Җв”Җв”ҖВ»
         в”ңв”Җв”Җв”Җв”Ө   в”ңв”Җв”Җв”Җв”Ө                            в”Ӯ      в”Ӯ          в”Ӯ     В»
 q_3: в”Җв”Җв”Җв”Ө H в”ңв”Җв”Җв”Җв”Ө T в”ңв”Җв”Җв”Җв”Җв”Җв”Җв”Җв”Җв”Җв”Җв”Җв”Җв”Җв”Җв”Җв”Җв”Җв”Җв”Җв”Җв”Җв”Җв”Җв”Җв”Җв”Җв”Җв”Җв”јв”Җв”Җв”Җв”Җв”Җв”Җв”јв”Җв”Җв”Җв”Җв”Җв”Җв”Җв”Җв”Җв”Җв– в”Җв”Җв”Җв”Җв”ҖВ»
      в”Ңв”Җв”Җв”ҙв”Җв”Җв”Җв”ҙв”Җв”Җв”җв””в”Җв”Җв”Җв”ҳ                            в”Ӯ      в”Ӯ                В»
 q_4: в”Ө Rx(ПҖ/2) в”ңв”Җв”Җв”Җв”Җв”Җв”Җв”Җв”Җв”Җв”Җв”Җв”Җв”Җв”Җв”Җв”Җв”Җв”Җв”Җв”Җв”Җв”Җв”Җв”Җв”Җв”Җв”Җв”Җв”Җв”Җв”Җв”Җв”Җв– в”Җв”Җв”Җв”Җв”Җв”Җв”јв”Җв”Җв”Җв”Җв”Җв”Җв”Җв”Җв”Җв”Җв– в”Җв”Җв”Җв”Җв”ҖВ»
      в””в”Җв”Җв”¬в”Җв”Җв”Җв”¬в”Җв”Җв”ҳв”Ңв”Җв”Җв”Җв”җ                                   в”Ӯ          в”Ӯ     В»
 q_5: в”Җв”Җв”Җв”Ө H в”ңв”Җв”Җв”Җв”Ө T в”ңв”Җв”Җв”Җв”Җв”Җв”Җв”Җв”Җв”Җв”Җв”Җв”Җв”Җв”Җв”Җв”Җв”Җв”Җв”Җв”Җв”Җв”Җв”Җв”Җв”Җв”Җв”Җв”Җв”Җв”Җв”Җв”Җв”Җв”Җв”Җв”јв”Җв”Җв”Җв”Җв”Җв”Җв”Җв”Җв”Җв”Җв– в”Җв”Җв”Җв”Җв”ҖВ»
         в”ңв”Җв”Җв”Җв”Ө   в””в”Җв”Җв”Җв”ҳ                в”Ңв”Җв”Җв”Җв”Җв”Җв”Җв”Җв”Җв”Җв”җ        в”Ӯ     в”Ңв”Җв”Җв”Җв”Җв”Җв”Җв”Җв”Җв”Җв”җВ»
 q_6: в”Җв”Җв”Җв”Ө H в”ңв”Җв”Җв”Җв”Җв”Җв– в”Җв”Җв”Җв”Җв”Җв”Җв”Җв”Җв”Җв”Җв”Җв”Җв”Җв”Җв”Җв– в”Җв”Җв”Ө Rx(ПҖ/2) в”ңв”Җв”Җв”Җв”Җв”Җв”Җв”Җв”Җв– в”Җв”Җв”Җв”Җв”Җв”Ө Ry(ПҖ/2) в”ңВ»
         в”ңв”Җв”Җв”Җв”Ө     в”Ӯ  в”Ңв”Җв”Җв”Җв”Җв”Җв”Җв”Җв”Җв”Җв”җ  в”Ӯ  в””в”Җв”Җв”¬в”Җв”Җв”Җв”¬в”Җв”Җв”ҳ   в”Ңв”Җв”Җв”Җв”Җв”Җв”Җв”Җв”Җв”Җв”җв””в”Җв”Җв”Җв”Җв”Җв”Җв”Җв”Җв”Җв”ҳВ»
 q_7: в”Җв”Җв”Җв”Ө H в”ңв”Җв”Җв”Җв”Җв”Җв– в”Җв”Җв”Ө Ry(ПҖ/2) в”ңв”Җв”Җв”јв”Җв”Җв”Җв”Җв”Җв”Ө T в”ңв”Җв”Җв”Җв”Җв– в”Җв”Ө Ry(ПҖ/2) в”ңв”Җв”Җв”Җв”Җв”Җв”Җв”Җв”Җв”Җв”Җв”ҖВ»
      в”Ңв”Җв”Җв”ҙв”Җв”Җв”Җв”ҙв”Җв”Җв”җ     в””в”Җв”Җв”Җв”Җв”Җв”Җв”Җв”Җв”Җв”ҳ  в”Ӯ     в””в”Җв”Җв”Җв”ҳ    в”Ӯ в””в”Җв”Җв”Җв”Җв”Җв”Җв”Җв”Җв”Җв”ҳ           В»
 q_8: в”Ө Rx(ПҖ/2) в”ңв”Җв”Җв”Җв”Җв”Җв”Җв”Җв”Җв”Җв”Җв”Җв”Җв”Җв”Җв”Җв”Җв”Җв”Җв”јв”Җв”Җв”Җв”Җв”Җв”Җв”Җв”Җв”Җв”Җв”Җв”Җв”Җв”Җв”јв”Җв”Җв”Җв”Җв”Җв”Җв”Җв”Җв”Җв”Җв”Җв”Җв”Җв”Җв”Җв”Җв”Җв”Җв”Җв”Җв”Җв”Җв”ҖВ»
      в””в”Җв”Җв”¬в”Җв”Җв”Җв”¬в”Җв”Җв”ҳв”Ңв”Җв”Җв”Җв”җ             в”Ӯ              в”Ӯ                       В»
 q_9: в”Җв”Җв”Җв”Ө H в”ңв”Җв”Җв”Җв”Ө T в”ңв”Җв”Җв”Җв”Җв”Җв”Җв”Җв”Җв”Җв”Җв”Җв”Җв”Җв– в”Җв”Җв”Җв”Җв”Җв”Җв”Җв”Җв”Җв”Җв”Җв”Җв”Җв”Җв”јв”Җв”Җв”Җв”Җв”Җв”Җв”Җв”Җв”Җв”Җв”Җв”Җв”Җв”Җв”Җв”Җв”Җв”Җв”Җв”Җв”Җв”Җв”ҖВ»
         в””в”Җв”Җв”Җв”ҳ   в””в”Җв”Җв”Җв”ҳ                            в”Ӯ в”Ңв”Җв”Җв”Җв”Җв”Җв”Җв”Җв”Җв”Җв”җ   в”Ңв”Җв”Җв”Җв”җ   В»
q_10: в”Җв”Җв”Җв”Җв”Җв”Җв”Җв”Җв”Җв”Җв”Җв”Җв”Җв”Җв”Җв”Җв”Җв”Җв”Җв”Җв”Җв”Җв”Җв”Җв”Җв”Җв”Җв”Җв”Җв”Җв”Җв”Җв”Җв”Җв”Җв”Җв”Җв”Җв”Җв”Җв”Җв”Җв”Җв”Җв– в”Җв”Ө Rx(ПҖ/2) в”ңв”Җв”Җв”Җв”Ө T в”ңв”Җв”Җв”ҖВ»
                                                    в””в”Җв”Җв”Җв”Җв”Җв”Җв”Җв”Җв”Җв”ҳ   в””в”Җв”Җв”Җв”ҳ   В»
В«         в”Ңв”Җв”Җв”Җв”җ                                        
В« q_0: в”Җв”Җв”Җв”Ө H в”ңв”Җв”Җв”Җв”Җв”Җв”Җв”Җв”Җв”Җв”Җв”Җв”Җв”Җв”Җв”Җв”Җв”Җв”Җв”Җв”Җв”Җв”Җв”Җв”Җв”Җв”Җв”Җв”Җв”Җв”Җв”Җв”Җв”Җв”Җв”Җв”Җв”Җв”Җв”Җв”Җ
В«         в””в”Җв”Җв”Җв”ҳ                              в”Ңв”Җв”Җв”Җв”җ     
В« q_1: в”Җв”Җв”Җв”Җв”Җв”Җв”Җв”Җв”Җв”Җв”Җв”Җв”Җв”Җв”Җв”Җв”Җв”Җв”Җв”Җв”Җв”Җв”Җв”Җв”Җв”Җв”Җв”Җв”Җв”Җв”Җв”Җв– в”Җв”Җв”Җв”Җв”Җв”Ө H в”ңв”Җв”Җв”Җв”Җв”Җ
В«      в”Ңв”Җв”Җв”Җв”Җв”Җв”Җв”Җв”Җв”Җв”җв”Ңв”Җв”Җв”Җв”җ   в”Ңв”Җв”Җв”Җв”җ        в”Ӯ     в””в”Җв”Җв”Җв”ҳ     
В« q_2: в”Ө Ry(ПҖ/2) в”ңв”Ө T в”ңв”Җв”Җв”Җв”Ө H в”ңв”Җв”Җв”Җв”Җв”Җв”Җв”Җв”Җв”јв”Җв”Җв”Җв”Җв”Җв”Җв”Җв”Җв”Җв”Җв”Җв”Җв”Җв”Җв”Җ
В«      в”ңв”Җв”Җв”Җв”Җв”Җв”Җв”Җв”Җв”Җв”Өв”ңв”Җв”Җв”Җв”Ө   в””в”Җв”Җв”Җв”ҳ        в”Ӯ          в”Ңв”Җв”Җв”Җв”җ
В« q_3: в”Ө Ry(ПҖ/2) в”ңв”Ө T в”ңв”Җв”Җв”Җв”Җв”Җв”Җв”Җв”Җв”Җв”Җв”Җв”Җв”Җв”Җв”Җв”Җв”јв”Җв”Җв”Җв”Җв”Җв”Җв”Җв– в”Җв”Җв”Ө H в”ң
В«      в”ңв”Җв”Җв”Җв”Җв”Җв”Җв”Җв”Җв”Җв”Өв”ңв”Җв”Җв”Җв”Ө   в”Ңв”Җв”Җв”Җв”җ        в”Ӯ       в”Ӯ  в””в”Җв”Җв”Җв”ҳ
В« q_4: в”Ө Rx(ПҖ/2) в”ңв”Ө T в”ңв”Җв”Җв”Җв”Ө H в”ңв”Җв”Җв”Җв”Җв”Җв”Җв”Җв”Җв”јв”Җв”Җв”Җв”Җв”Җв”Җв”Җв”јв”Җв”Җв”Җв”Җв”Җв”Җв”Җ
В«      в””в”Җв”Җв”Җв”Җв”Җв”Җв”Җв”Җв”Җв”ҳв””в”Җв”Җв”Җв”ҳ   в””в”Җв”Җв”Җв”ҳ        в”Ӯ       в”Ӯ  в”Ңв”Җв”Җв”Җв”җ
В« q_5: в”Җв”Җв”Җв”Җв”Җв”Җв”Җв”Җв”Җв”Җв”Җв”Җв”Җв– в”Җв”Җв”Җв”Җв”Җв”Җв”Җв– в”Җв”Җв”Җв”Җв”Җв”Җв”Җв”Җв”Җв”Җв– в”Җв”Җв”Җв”Җв”Җв”Җв”Җв”јв”Җв”Җв”Ө H в”ң
В«         в”Ңв”Җв”Җв”Җв”җ     в”Ӯ       в”Ӯ     в”Ңв”Җв”Җв”Җв”Җв”Җв”Җв”Җв”Җв”Җв”җ  в”Ӯ  в”ңв”Җв”Җв”Җв”Ө
В« q_6: в”Җв”Җв”Җв”Ө T в”ңв”Җв”Җв”Җв”Җв”Җв”јв”Җв”Җв”Җв”Җв”Җв”Җв”Җв– в”Җв”Җв”Җв”Җв”Җв”Ө Ry(ПҖ/2) в”ңв”Җв”Җв”јв”Җв”Җв”Ө H в”ң
В«         в””в”Җв”Җв”Җв”ҳ     в”Ӯ             в””в”Җв”Җв”Җв”Җв”Җв”Җв”Җв”Җв”Җв”ҳ  в”Ӯ  в”ңв”Җв”Җв”Җв”Ө
В« q_7: в”Җв”Җв”Җв”Җв”Җв”Җв”Җв”Җв”Җв”Җв”Җв”Җв”Җв”јв”Җв”Җв”Җв”Җв”Җв”Җв”Җв”Җв”Җв”Җв”Җв”Җв”Җв”Җв”Җв”Җв”Җв”Җв”Җв”Җв”Җв”Җв”Җв”Җв”Җв”Җв– в”Җв”Җв”Ө H в”ң
В«                   в”Ӯ  в”Ңв”Җв”Җв”Җв”Җв”Җв”Җв”Җв”Җв”Җв”җ   в”Ңв”Җв”Җв”Җв”җ   в”Ңв”Җв”Җв”Җв”җв””в”Җв”Җв”Җв”ҳ
В« q_8: в”Җв”Җв”Җв”Җв”Җв”Җв”Җв”Җв”Җв”Җв”Җв”Җв”Җв– в”Җв”Җв”Ө Rx(ПҖ/2) в”ңв”Җв”Җв”Җв”Ө T в”ңв”Җв”Җв”Җв”Ө H в”ңв”Җв”Җв”Җв”Җв”Җ
В«                      в””в”Җв”Җв”Җв”Җв”Җв”Җв”Җв”Җв”Җв”ҳ   в””в”Җв”Җв”Җв”ҳ   в””в”Җв”Җв”Җв”ҳ     
В« q_9: в”Җв”Җв”Җв”Җв”Җв”Җв”Җв”Җв”Җв”Җв”Җв”Җв”Җв”Җв”Җв”Җв”Җв”Җв”Җв”Җв”Җв”Җв”Җв”Җв”Җв”Җв”Җв”Җв”Җв”Җв”Җв”Җв”Җв”Җв”Җв”Җв”Җв”Җв”Җв”Җв”Җв”Җв”Җв”Җв”Җв”Җв”Җв”Җ
В«         в”Ңв”Җв”Җв”Җв”җ                                        
В«q_10: в”Җв”Җв”Җв”Ө H в”ңв”Җв”Җв”Җв”Җв”Җв”Җв”Җв”Җв”Җв”Җв”Җв”Җв”Җв”Җв”Җв”Җв”Җв”Җв”Җв”Җв”Җв”Җв”Җв”Җв”Җв”Җв”Җв”Җв”Җв”Җв”Җв”Җв”Җв”Җв”Җв”Җв”Җв”Җв”Җв”Җ
В«         в””в”Җв”Җв”Җв”ҳ                                        
subcircuit 1
ПҒ qubits = 1, O qubits = 3, width = 9, effective = 6, depth = 10, size = 45
     в”Ңв”Җв”Җв”Җв”җв”Ңв”Җв”Җв”Җв”җ                                                            В»
q_0: в”Ө H в”ңв”Ө T в”ңв”Җв”Җв”Җв”Җв”Җв– в”Җв”Җв”Җв”Җв”Җв”Җв”Җв”Җв”Җв”Җв”Җв”Җв”Җв”Җв”Җв”Җв”Җв”Җв”Җв”Җв”Җв”Җв”Җв”Җв”Җв”Җв”Җв”Җв”Җв”Җв”Җв”Җв”Җв”Җв”Җв”Җв”Җв”Җв”Җв”Җв”Җв”Җв”Җв”Җв”Җв”Җв”Җв”Җв”Җв”Җв”Җв”Җв”Җв”ҖВ»
     в”ңв”Җв”Җв”Җв”Өв””в”Җв”Җв”Җв”ҳ     в”Ӯ     в”Ңв”Җв”Җв”Җв”Җв”Җв”Җв”Җв”Җв”Җв”җ   в”Ңв”Җв”Җв”Җв”җ                              В»
q_1: в”Ө H в”ңв”Җв”Җв– в”Җв”Җв”Җв”Җв”Җв”Җв”Җв– в”Җв”Җв”Җв”Җв”Җв”Ө Ry(ПҖ/2) в”ңв”Җв”Җв”Җв”Ө T в”ңв”Җв”Җв”Җв”Җв”Җв”Җв”Җв”Җв”Җв”Җв”Җв”Җв”Җв”Җв”Җв”Җв”Җв”Җв”Җв”Җв”Җв”Җв”Җв”Җв”Җв”Җв”Җв”Җв”Җв”ҖВ»
     в”ңв”Җв”Җв”Җв”Ө  в”Ӯ  в”Ңв”Җв”Җв”Җв”Җв”Җв”Җв”Җв”Җв”Җв”җв””в”Җв”Җв”Җв”Җв”Җв”Җв”Җв”Җв”Җв”ҳ   в””в”Җв”Җв”Җв”ҳ                              В»
q_2: в”Ө H в”ңв”Җв”Җв– в”Җв”Җв”Ө Ry(ПҖ/2) в”ңв”Җв”Җв”Җв”Җв”Җв– в”Җв”Җв”Җв”Җв”Җв”Җв”Җв”Җв”Җв”Җв”Җв”Җв”Җв”Җв”Җв”Җв”Җв”Җв”Җв”Җв”Җв– в”Җв”Җв”Җв”Җв”Җв”Җв”Җв”Җв”Җв”Җв”Җв”Җв”Җв”Җв”Җв”Җв”Җв”Җв”Җв”Җв”ҖВ»
     в””в”Җв”Җв”Җв”ҳ     в””в”Җв”Җв”Җв”Җв”Җв”Җв”Җв”Җв”Җв”ҳ     в”Ӯ     в”Ңв”Җв”Җв”Җв”Җв”Җв”Җв”Җв”Җв”Җв”җ     в”Ӯ          в”Ңв”Җв”Җв”Җв”Җв”Җв”Җв”Җв”Җв”Җв”җВ»
q_3: в”Җв”Җв”Җв”Җв”Җв”Җв”Җв”Җв”Җв”Җв”Җв”Җв”Җв”Җв”Җв”Җв”Җв”Җв”Җв”Җв”Җв”Җв”Җв”Җв”Җв”Җв– в”Җв”Җв”Җв”Җв”Җв”Ө Rx(ПҖ/2) в”ңв”Җв”Җв”Җв”Җв”Җв”јв”Җв”Җв”Җв”Җв”Җв”Җв”Җв– в”Җв”Җв”Ө Ry(ПҖ/2) в”ңВ»
     в”Ңв”Җв”Җв”Җв”җв”Ңв”Җв”Җв”Җв”җ                      в””в”Җв”Җв”Җв”Җв”Җв”Җв”Җв”Җв”Җв”ҳ     в”Ӯ       в”Ӯ  в””в”Җв”Җв”Җв”Җв”Җв”Җв”Җв”Җв”Җв”ҳВ»
q_4: в”Ө H в”ңв”Ө T в”ңв”Җв”Җв”Җв”Җв”Җв”Җв”Җв”Җв”Җв”Җв”Җв”Җв”Җв”Җв”Җв”Җв”Җв”Җв”Җв”Җв”Җв”Җв”Җв”Җв”Җв”Җв”Җв– в”Җв”Җв”Җв”Җв”Җв”Җв”Җв”Җв”Җв”Җв”јв”Җв”Җв”Җв”Җв”Җв”Җв”Җв– в”Җв”Җв”Җв”Җв”Җв”Җв”Җв”Җв”Җв”Җв”Җв”Җв”ҖВ»
     в”ңв”Җв”Җв”Җв”Өв”ңв”Җв”Җв”Җв”Ө                           в”Ӯ          в”Ӯ          в”Ңв”Җв”Җв”Җв”Җв”Җв”Җв”Җв”Җв”Җв”җВ»
q_5: в”Ө H в”ңв”Ө T в”ңв”Җв”Җв”Җв”Җв”Җв”Җв”Җв”Җв”Җв”Җв”Җв”Җв”Җв”Җв”Җв”Җв”Җв”Җв”Җв”Җв”Җв”Җв”Җв”Җв”Җв”Җв”Җв”јв”Җв”Җв”Җв”Җв”Җв”Җв”Җв”Җв”Җв”Җв”јв”Җв”Җв”Җв”Җв”Җв”Җв”Җв– в”Җв”Җв”Ө Rx(ПҖ/2) в”ңВ»
     в”ңв”Җв”Җв”Җв”Өв”ңв”Җв”Җв”Җв”Ө                           в”Ӯ          в”Ӯ       в”Ӯ  в”ңв”Җв”Җв”Җв”Җв”Җв”Җв”Җв”Җв”Җв”ӨВ»
q_6: в”Ө H в”ңв”Ө T в”ңв”Җв”Җв”Җв”Җв”Җв”Җв”Җв”Җв”Җв”Җв”Җв”Җв”Җв”Җв”Җв”Җв”Җв”Җв”Җв”Җв”Җв”Җв”Җв”Җв”Җв”Җв”Җв”јв”Җв”Җв”Җв”Җв”Җв”Җв”Җв”Җв”Җв”Җв– в”Җв”Җв”Җв”Җв”Җв”Җв”Җв– в”Җв”Җв”Ө Ry(ПҖ/2) в”ңВ»
     в”ңв”Җв”Җв”Җв”Өв””в”Җв”Җв”Җв”ҳв”Ңв”Җв”Җв”Җв”Җв”Җв”Җв”Җв”Җв”Җв”җ   в”Ңв”Җв”Җв”Җв”җ        в”Ӯ                     в””в”Җв”Җв”Җв”Җв”Җв”Җв”Җв”Җв”Җв”ҳВ»
q_7: в”Ө H в”ңв”Җв”Җв– в”Җв”Җв”Ө Ry(ПҖ/2) в”ңв”Җв”Җв”Җв”Ө T в”ңв”Җв”Җв”Җв”Җв”Җв”Җв”Җв”Җв”јв”Җв”Җв”Җв”Җв”Җв”Җв”Җв”Җв”Җв”Җв”Җв”Җв”Җв”Җв”Җв”Җв”Җв”Җв”Җв”Җв”Җв”Җв”Җв”Җв”Җв”Җв”Җв”Җв”Җв”Җв”Җв”ҖВ»
     в”ңв”Җв”Җв”Җв”Ө  в”Ӯ  в”ңв”Җв”Җв”Җв”Җв”Җв”Җв”Җв”Җв”Җв”Ө   в”ңв”Җв”Җв”Җв”Ө        в”Ӯ     в”Ңв”Җв”Җв”Җв”Җв”Җв”Җв”Җв”Җв”Җв”җв”Ңв”Җв”Җв”Җв”җ   в”Ңв”Җв”Җв”Җв”җ   В»
q_8: в”Ө H в”ңв”Җв”Җв– в”Җв”Җв”Ө Ry(ПҖ/2) в”ңв”Җв”Җв”Җв”Ө T в”ңв”Җв”Җв”Җв”Җв”Җв”Җв”Җв”Җв– в”Җв”Җв”Җв”Җв”Җв”Ө Ry(ПҖ/2) в”ңв”Ө T в”ңв”Җв”Җв”Җв”Ө H в”ңв”Җв”Җв”ҖВ»
     в””в”Җв”Җв”Җв”ҳ     в””в”Җв”Җв”Җв”Җв”Җв”Җв”Җв”Җв”Җв”ҳ   в””в”Җв”Җв”Җв”ҳ              в””в”Җв”Җв”Җв”Җв”Җв”Җв”Җв”Җв”Җв”ҳв””в”Җв”Җв”Җв”ҳ   в””в”Җв”Җв”Җв”ҳ   В»
В«                               
В«q_0: в”Җв”Җв”Җв”Җв”Җв”Җв”Җв”Җв”Җв”Җв”Җв”Җв”Җв”Җв”Җв”Җв”Җв”Җв”Җв”Җв”Җв”Җв”Җв”Җв”Җв”Җ
В«                     в”Ңв”Җв”Җв”Җв”җ     
В«q_1: в”Җв”Җв”Җв”Җв”Җв”Җв”Җв”Җв”Җв”Җв– в”Җв”Җв”Җв”Җв”Җв”Ө H в”ңв”Җв”Җв”Җв”Җв”Җ
В«               в”Ӯ     в””в”Җв”Җв”Җв”ҳ     
В«q_2: в”Җв”Җв”Җв”Җв”Җв”Җв”Җв”Җв”Җв”Җв”јв”Җв”Җв”Җв”Җв”Җв”Җв”Җв”Җв”Җв”Җв”Җв”Җв”Җв”Җв”Җ
В«     в”Ңв”Җв”Җв”Җв”җ     в”Ӯ          в”Ңв”Җв”Җв”Җв”җ
В«q_3: в”Ө T в”ңв”Җв”Җв”Җв”Җв”Җв”јв”Җв”Җв”Җв”Җв”Җв”Җв”Җв– в”Җв”Җв”Ө H в”ң
В«     в””в”Җв”Җв”Җв”ҳ     в”Ӯ       в”Ӯ  в””в”Җв”Җв”Җв”ҳ
В«q_4: в”Җв”Җв”Җв”Җв”Җв”Җв”Җв”Җв”Җв”Җв”јв”Җв”Җв”Җв”Җв”Җв”Җв”Җв”јв”Җв”Җв”Җв”Җв”Җв”Җв”Җ
В«     в”Ңв”Җв”Җв”Җв”җ     в”Ӯ       в”Ӯ  в”Ңв”Җв”Җв”Җв”җ
В«q_5: в”Ө T в”ңв”Җв”Җв”Җв”Җв”Җв– в”Җв”Җв”Җв”Җв”Җв”Җв”Җв”јв”Җв”Җв”Ө H в”ң
В«     в””в”Җв”Җв”Җв”ҳв”Ңв”Җв”Җв”Җв”Җв”Җв”Җв”Җв”Җв”Җв”җ  в”Ӯ  в”ңв”Җв”Җв”Җв”Ө
В«q_6: в”Җв”Җв– в”Җв”Җв”Ө Rx(ПҖ/2) в”ңв”Җв”Җв”јв”Җв”Җв”Ө H в”ң
В«       в”Ӯ  в””в”Җв”Җв”Җв”Җв”Җв”Җв”Җв”Җв”Җв”ҳ  в”Ӯ  в”ңв”Җв”Җв”Җв”Ө
В«q_7: в”Җв”Җв– в”Җв”Җв”Җв”Җв”Җв”Җв”Җв”Җв”Җв”Җв”Җв”Җв”Җв”Җв”Җв– в”Җв”Җв”Ө H в”ң
В«                          в””в”Җв”Җв”Җв”ҳ
В«q_8: в”Җв”Җв”Җв”Җв”Җв”Җв”Җв”Җв”Җв”Җв”Җв”Җв”Җв”Җв”Җв”Җв”Җв”Җв”Җв”Җв”Җв”Җв”Җв”Җв”Җв”Җ
В«                               
Model objective value = 4.00e+00
MIP runtime: 0.18761420249938965
OPTIMAL, MIP gap = 0.0
--------------------
--> supremacy_16 subcircuit_entries:
Subcircuit_0 has 256 entries
Subcircuit_1 has 256 entries
******************** evaluation mode = sv ********************
--> Running Subcircuits supremacy_16
--> Attribute shots supremacy_16
evaluate took 1.457497e+01 seconds
--> Build supremacy_16
Overhead = {'additions': 16711680, 'multiplications': 16777216}
Cut: 1 recursions.
{0: {'subcircuit_state': {0: ['active', 'active', 'active', 'active', 'active', 'active', 'active', 'active', 'active', 'active'], 1: ['active', 'active', 'active', 'active', 'active', 'active']}, 'upper_bin': None, 'smart_order': [1, 0], 'bins': array([9.3027738e-06, 9.3134777e-06, 1.7103466e-06, ..., 1.5556094e-05,
       5.8557189e-06, 5.5077703e-06], dtype=float32), 'expanded_bins': []}}
