******************** Cut supremacy_12 ********************
width = 12 depth = 10 size = 17 -->
{'max_subcircuit_width': 10, 'max_subcircuit_cuts': 10, 'subcircuit_size_imbalance': 2, 'max_cuts': 10, 'num_subcircuits': [2, 3]}
Restricted license - for non-production use only - expires 2025-11-24
--------------------
Cutter result:
2 subcircuits, 3 cuts
subcircuit 0
ПҒ qubits = 3, O qubits = 0, width = 7, effective = 7, depth = 10, size = 40
        в”Ңв”Җв”Җв”Җв”җ        в”Ңв”Җв”Җв”Җв”Җв”Җв”Җв”Җв”Җв”Җв”җв”Ңв”Җв”Җв”Җв”җ                      в”Ңв”Җв”Җв”Җв”Җв”Җв”Җв”Җв”Җв”Җв”җВ»
q_0: в”Җв”Җв”Җв”Ө H в”ңв”Җв”Җв”Җв”Җв”Җв– в”Җв”Җв”Ө Ry(ПҖ/2) в”ңв”Ө T в”ңв”Җв”Җв”Җв”Җв”Җв”Җв”Җв”Җв”Җв”Җв”Җв”Җв”Җв”Җв”Җв”Җв– в”Җв”Җв”Җв”Җв”Җв”Ө Ry(ПҖ/2) в”ңВ»
        в”ңв”Җв”Җв”Җв”Ө     в”Ӯ  в”ңв”Җв”Җв”Җв”Җв”Җв”Җв”Җв”Җв”Җв”Өв””в”Җв”Җв”Җв”ҳв”Ңв”Җв”Җв”Җв”Җв”Җв”Җв”Җв”Җв”Җв”җ     в”Ӯ     в””в”Җв”Җв”¬в”Җв”Җв”Җв”¬в”Җв”Җв”ҳВ»
q_1: в”Җв”Җв”Җв”Ө H в”ңв”Җв”Җв”Җв”Җв”Җв– в”Җв”Җв”Ө Ry(ПҖ/2) в”ңв”Җв”Җв– в”Җв”Җв”Ө Rx(ПҖ/2) в”ңв”Җв”Җв”Җв”Җв”Җв”јв”Җв”Җв”Җв”Җв”Җв”Җв”Җв”Җв”Ө T в”ңв”Җв”Җв”ҖВ»
        в”ңв”Җв”Җв”Җв”Ө   в”Ңв”Җв”Җв”Җв”җв””в”Җв”Җв”Җв”Җв”Җв”Җв”Җв”Җв”Җв”ҳ  в”Ӯ  в””в”Җв”Җв”Җв”Җв”Җв”Җв”Җв”Җв”Җв”ҳ     в”Ӯ     в”Ңв”Җв”Җв”ҙв”Җв”Җв”Җв”ҙв”Җв”Җв”җВ»
q_2: в”Җв”Җв”Җв”Ө H в”ңв”Җв”Җв”Җв”Ө T в”ңв”Җв”Җв”Җв”Җв”Җв”Җв”Җв”Җв”Җв”Җв”Җв”Җв”Җв– в”Җв”Җв”Җв”Җв”Җв”Җв”Җв– в”Җв”Җв”Җв”Җв”Җв”Җв”Җв”Җв”Җв”Җв”јв”Җв”Җв”Җв”Җв”Җв”Ө Ry(ПҖ/2) в”ңВ»
     в”Ңв”Җв”Җв”ҙв”Җв”Җв”Җв”ҙв”Җв”Җв”җв””в”Җв”Җв”Җв”ҳ                     в”Ӯ          в”Ӯ     в””в”Җв”Җв”Җв”Җв”Җв”Җв”Җв”Җв”Җв”ҳВ»
q_3: в”Ө Ry(ПҖ/2) в”ңв”Җв”Җв”Җв”Җв”Җв”Җв”Җв”Җв”Җв”Җв”Җв”Җв”Җв”Җв”Җв”Җв”Җв”Җв”Җв”Җв”Җв”Җв”Җв”Җв”Җв”Җв”јв”Җв”Җв”Җв”Җв”Җв”Җв”Җв”Җв”Җв”Җв– в”Җв”Җв”Җв”Җв”Җв”Җв”Җв”Җв”Җв”Җв– в”Җв”Җв”Җв”Җв”ҖВ»
     в””в”Җв”Җв”¬в”Җв”Җв”Җв”¬в”Җв”Җв”ҳв”Ңв”Җв”Җв”Җв”җ                     в”Ӯ                     в”Ӯ     В»
q_4: в”Җв”Җв”Җв”Ө H в”ңв”Җв”Җв”Җв”Ө T в”ңв”Җв”Җв”Җв”Җв”Җв”Җв”Җв”Җв”Җв”Җв”Җв”Җв”Җв”Җв”Җв”Җв”Җв”Җв”Җв”Җв”Җв”јв”Җв”Җв”Җв”Җв”Җв”Җв”Җв”Җв”Җв”Җв”Җв”Җв”Җв”Җв”Җв”Җв”Җв”Җв”Җв”Җв”Җв– в”Җв”Җв”Җв”Җв”ҖВ»
     в”Ңв”Җв”Җв”ҙв”Җв”Җв”Җв”ҙв”Җв”Җв”җв””в”Җв”Җв”Җв”ҳ                     в”Ӯ     в”Ңв”Җв”Җв”Җв”Җв”Җв”Җв”Җв”Җв”Җв”җ   в”Ңв”Җв”Җв”Җв”җ   В»
q_5: в”Ө Rx(ПҖ/2) в”ңв”Җв”Җв”Җв”Җв”Җв”Җв”Җв”Җв”Җв”Җв”Җв”Җв”Җв”Җв”Җв”Җв”Җв”Җв”Җв”Җв”Җв”Җв”Җв”Җв”Җв”Җв– в”Җв”Җв”Җв”Җв”Җв”Ө Rx(ПҖ/2) в”ңв”Җв”Җв”Җв”Ө T в”ңв”Җв”Җв”ҖВ»
     в”ңв”Җв”Җв”Җв”Җв”Җв”Җв”Җв”Җв”Җв”Ө                                в””в”Җв”Җв”Җв”Җв”Җв”Җв”Җв”Җв”Җв”ҳ   в””в”Җв”Җв”Җв”ҳ   В»
q_6: в”Ө Ry(ПҖ/2) в”ңв”Җв”Җв”Җв”Җв”Җв”Җв”Җв”Җв”Җв”Җв”Җв”Җв”Җв”Җв”Җв”Җв”Җв”Җв”Җв”Җв”Җв”Җв”Җв”Җв”Җв”Җв”Җв”Җв”Җв”Җв”Җв”Җв”Җв”Җв”Җв”Җв”Җв”Җв”Җв”Җв”Җв”Җв”Җв”Җв”Җв”Җв”Җв”Җв”Җв”Җв”Җв”Җв”Җв”ҖВ»
     в””в”Җв”Җв”Җв”Җв”Җв”Җв”Җв”Җв”Җв”ҳ                                                      В»
В«        в”Ңв”Җв”Җв”Җв”җ      в”Ңв”Җв”Җв”Җв”җ                        
В«q_0: в”Җв”Җв”Җв”Ө T в”ңв”Җв”Җв”Җв”Җв”Җв”Җв”Ө H в”ңв”Җв”Җв”Җв”Җв”Җв”Җв”Җв”Җв”Җв”Җв”Җв”Җв”Җв”Җв”Җв”Җв”Җв”Җв”Җв”Җв”Җв”Җв”Җв”Җ
В«        в””в”Җв”Җв”Җв”ҳ      в””в”Җв”Җв”Җв”ҳ                   в”Ңв”Җв”Җв”Җв”җ
В«q_1: в”Җв”Җв”Җв”Җв”Җв”Җв”Җв”Җв”Җв”Җв”Җв”Җв”Җв”Җв”Җв”Җв”Җв”Җв”Җв”Җв”Җв”Җв”Җв”Җв”Җв”Җв”Җв”Җв”Җв”Җв”Җв”Җв”Җв”Җв”Җв– в”Җв”Җв”Ө H в”ң
В«        в”Ңв”Җв”Җв”Җв”җ      в”Ңв”Җв”Җв”Җв”җ                в”Ӯ  в””в”Җв”Җв”Җв”ҳ
В«q_2: в”Җв”Җв”Җв”Ө T в”ңв”Җв”Җв”Җв”Җв”Җв”Җв”Ө H в”ңв”Җв”Җв”Җв”Җв”Җв”Җв”Җв”Җв”Җв”Җв”Җв”Җв”Җв”Җв”Җв”Җв”јв”Җв”Җв”Җв”Җв”Җв”Җв”Җ
В«     в”Ңв”Җв”Җв”ҙв”Җв”Җв”Җв”ҙв”Җв”Җв”җ   в”ңв”Җв”Җв”Җв”Ө      в”Ңв”Җв”Җв”Җв”җ     в”Ӯ       
В«q_3: в”Ө Ry(ПҖ/2) в”ңв”Җв”Җв”Җв”Ө T в”ңв”Җв”Җв”Җв”Җв”Җв”Җв”Ө H в”ңв”Җв”Җв”Җв”Җв”Җв”јв”Җв”Җв”Җв”Җв”Җв”Җв”Җ
В«     в””в”Җв”Җв”Җв”Җв”Җв”Җв”Җв”Җв”Җв”ҳ   в””в”Җв”Җв”Җв”ҳ      в””в”Җв”Җв”Җв”ҳ     в”Ӯ  в”Ңв”Җв”Җв”Җв”җ
В«q_4: в”Җв”Җв”Җв”Җв”Җв– в”Җв”Җв”Җв”Җв”Җв”Җв”Җв”Җв”Җв”Җв– в”Җв”Җв”Җв”Җв”Җв”Җв”Җв”Җв”Җв”Җв”Җв”Җв”Җв”Җв”Җв”Җв”Җв”Җв– в”Җв”Җв”Ө H в”ң
В«          в”Ӯ          в”Ӯ     в”Ңв”Җв”Җв”Җв”Җв”Җв”Җв”Җв”Җв”Җв”җв”Ңв”Җв”Җв”Җв”җв””в”Җв”Җв”Җв”ҳ
В«q_5: в”Җв”Җв”Җв”Җв”Җв”јв”Җв”Җв”Җв”Җв”Җв”Җв”Җв”Җв”Җв”Җв– в”Җв”Җв”Җв”Җв”Җв”Ө Ry(ПҖ/2) в”ңв”Ө H в”ңв”Җв”Җв”Җв”Җв”Җ
В«          в”Ӯ     в”Ңв”Җв”Җв”Җв”Җв”Җв”Җв”Җв”Җв”Җв”җв””в”Җв”Җв”¬в”Җв”Җв”Җв”¬в”Җв”Җв”ҳв”ңв”Җв”Җв”Җв”Ө     
В«q_6: в”Җв”Җв”Җв”Җв”Җв– в”Җв”Җв”Җв”Җв”Җв”Ө Ry(ПҖ/2) в”ңв”Җв”Җв”Җв”Ө T в”ңв”Җв”Җв”Җв”Ө H в”ңв”Җв”Җв”Җв”Җв”Җ
В«                в””в”Җв”Җв”Җв”Җв”Җв”Җв”Җв”Җв”Җв”ҳ   в””в”Җв”Җв”Җв”ҳ   в””в”Җв”Җв”Җв”ҳ     
subcircuit 1
ПҒ qubits = 0, O qubits = 3, width = 8, effective = 5, depth = 10, size = 37
     в”Ңв”Җв”Җв”Җв”җв”Ңв”Җв”Җв”Җв”җ                                                            В»
q_0: в”Ө H в”ңв”Ө T в”ңв”Җв”Җв”Җв”Җв”Җв– в”Җв”Җв”Җв”Җв”Җв”Җв”Җв”Җв”Җв”Җв”Җв”Җв”Җв”Җв”Җв”Җв”Җв”Җв”Җв”Җв”Җв”Җв”Җв”Җв”Җв”Җв”Җв”Җв”Җв”Җв”Җв”Җв”Җв”Җв”Җв”Җв”Җв”Җв”Җв”Җв”Җв”Җв”Җв”Җв”Җв”Җв”Җв”Җв”Җв”Җв”Җв”Җв”Җв”ҖВ»
     в”ңв”Җв”Җв”Җв”Өв”ңв”Җв”Җв”Җв”Ө     в”Ӯ                                                      В»
q_1: в”Ө H в”ңв”Ө T в”ңв”Җв”Җв”Җв”Җв”Җв”јв”Җв”Җв”Җв”Җв”Җв”Җв– в”Җв”Җв”Җв”Җв”Җв”Җв”Җв”Җв”Җв”Җв”Җв”Җв”Җв”Җв”Җв”Җв”Җв”Җв”Җв”Җв”Җв”Җв”Җв”Җв”Җв”Җв”Җв”Җв”Җв”Җв”Җв”Җв”Җв”Җв”Җв”Җв”Җв”Җв”Җв”Җв”Җв”Җв”Җв”Җв”Җв”Җв”ҖВ»
     в”ңв”Җв”Җв”Җв”Өв””в”Җв”Җв”Җв”ҳ     в”Ӯ      в”Ӯ в”Ңв”Җв”Җв”Җв”Җв”Җв”Җв”Җв”Җв”Җв”җ   в”Ңв”Җв”Җв”Җв”җ                           В»
q_2: в”Ө H в”ңв”Җв”Җв– в”Җв”Җв”Җв”Җв”Җв”Җв”Җв– в”Җв”Җв”Җв”Җв”Җв”Җв”јв”Җв”Ө Ry(ПҖ/2) в”ңв”Җв”Җв”Җв”Ө T в”ңв”Җв”Җв”Җв”Җв”Җв”Җв”Җв”Җв”Җв”Җв”Җв”Җв”Җв”Җв”Җв”Җв”Җв”Җв”Җв”Җв”Җв”Җв”Җв”Җв”Җв”Җв”ҖВ»
     в”ңв”Җв”Җв”Җв”Ө  в”Ӯ  в”Ңв”Җв”Җв”Җв”Җв”Җв”Җв”Җв”Җв”Җв”җ в”Ӯ в””в”Җв”Җв”Җв”Җв”Җв”Җв”Җв”Җв”Җв”ҳ   в””в”Җв”Җв”Җв”ҳ                           В»
q_3: в”Ө H в”ңв”Җв”Җв– в”Җв”Җв”Ө Ry(ПҖ/2) в”ңв”Җв”јв”Җв”Җв”Җв”Җв”Җв”Җв– в”Җв”Җв”Җв”Җв”Җв”Җв”Җв”Җв”Җв”Җв”Җв”Җв”Җв”Җв”Җв”Җв”Җв– в”Җв”Җв”Җв”Җв”Җв”Җв”Җв”Җв”Җв”Җв”Җв”Җв”Җв”Җв”Җв”Җв”Җв”Җв”Җв”Җв”Җв”ҖВ»
     в”ңв”Җв”Җв”Җв”Өв”Ңв”Җв”Җв”Җв”җв””в”Җв”Җв”Җв”Җв”Җв”Җв”Җв”Җв”Җв”ҳ в”Ӯ      в”Ӯ     в”Ңв”Җв”Җв”Җв”Җв”Җв”Җв”Җв”Җв”Җв”җ в”Ӯ в”Ңв”Җв”Җв”Җв”җ                В»
q_4: в”Ө H в”ңв”Ө T в”ңв”Җв”Җв”Җв”Җв”Җв”Җв”Җв”Җв”Җв”Җв”Җв”Җв– в”Җв”Җв”Җв”Җв”Җв”Җв– в”Җв”Җв”Җв”Җв”Җв”Ө Ry(ПҖ/2) в”ңв”Җв”јв”Җв”Ө T в”ңв”Җв”Җв”Җв”Җв”Җв”Җв”Җв”Җв”Җв”Җв”Җв”Җв”Җв”Җв”Җв”ҖВ»
     в”ңв”Җв”Җв”Җв”Өв”ңв”Җв”Җв”Җв”Ө                         в””в”Җв”Җв”Җв”Җв”Җв”Җв”Җв”Җв”Җв”ҳ в”Ӯ в””в”Җв”Җв”Җв”ҳв”Ңв”Җв”Җв”Җв”Җв”Җв”Җв”Җв”Җв”Җв”җв”Ңв”Җв”Җв”Җв”җВ»
q_5: в”Ө H в”ңв”Ө T в”ңв”Җв”Җв”Җв”Җв”Җв”Җв”Җв”Җв”Җв”Җв”Җв”Җв”Җв”Җв”Җв”Җв”Җв”Җв”Җв”Җв”Җв”Җв”Җв”Җв”Җв”Җв”Җв”Җв”Җв”Җв”Җв”Җв”Җв”Җв”Җв”Җв”Җв”јв”Җв”Җв”Җв– в”Җв”Җв”Ө Ry(ПҖ/2) в”ңв”Ө T в”ңВ»
     в”ңв”Җв”Җв”Җв”Өв”ңв”Җв”Җв”Җв”Ө                                     в”Ӯ   в”Ӯ  в”ңв”Җв”Җв”Җв”Җв”Җв”Җв”Җв”Җв”Җв”Өв””в”Җв”Җв”Җв”ҳВ»
q_6: в”Ө H в”ңв”Ө T в”ңв”Җв”Җв”Җв”Җв”Җв”Җв”Җв”Җв”Җв”Җв”Җв”Җв”Җв”Җв”Җв”Җв”Җв”Җв”Җв”Җв”Җв”Җв”Җв”Җв”Җв”Җв”Җв”Җв”Җв”Җв”Җв”Җв”Җв”Җв”Җв”Җв”Җв– в”Җв”Җв”Җв– в”Җв”Җв”Ө Ry(ПҖ/2) в”ңв”Җв”Җв– в”Җв”ҖВ»
     в”ңв”Җв”Җв”Җв”Өв”ңв”Җв”Җв”Җв”Ө                                            в””в”Җв”Җв”Җв”Җв”Җв”Җв”Җв”Җв”Җв”ҳ  в”Ӯ  В»
q_7: в”Ө H в”ңв”Ө T в”ңв”Җв”Җв”Җв”Җв”Җв”Җв”Җв”Җв”Җв”Җв”Җв”Җв”Җв”Җв”Җв”Җв”Җв”Җв”Җв”Җв”Җв”Җв”Җв”Җв”Җв”Җв”Җв”Җв”Җв”Җв”Җв”Җв”Җв”Җв”Җв”Җв”Җв”Җв”Җв”Җв”Җв”Җв”Җв”Җв”Җв”Җв”Җв”Җв”Җв”Җв”Җв”Җв”Җв”Җв”Җв”Җв”Җв– в”Җв”ҖВ»
     в””в”Җв”Җв”Җв”ҳв””в”Җв”Җв”Җв”ҳ                                                            В»
В«                          
В«q_0: в”Җв”Җв”Җв”Җв”Җв”Җв”Җв”Җв”Җв”Җв”Җв”Җв”Җв”Җв”Җв”Җв”Җв”Җв”Җв”Җв”Җ
В«                          
В«q_1: в”Җв”Җв”Җв”Җв”Җв”Җв”Җв”Җв”Җв”Җв”Җв”Җв”Җв”Җв”Җв”Җв”Җв”Җв”Җв”Җв”Җ
В«                в”Ңв”Җв”Җв”Җв”җ     
В«q_2: в”Җв”Җв”Җв”Җв”Җв– в”Җв”Җв”Җв”Җв”Җв”Ө H в”ңв”Җв”Җв”Җв”Җв”Җ
В«          в”Ӯ     в””в”Җв”Җв”Җв”ҳ     
В«q_3: в”Җв”Җв”Җв”Җв”Җв”јв”Җв”Җв”Җв”Җв”Җв”Җв”Җв”Җв”Җв”Җв”Җв”Җв”Җв”Җв”Җ
В«          в”Ӯ          в”Ңв”Җв”Җв”Җв”җ
В«q_4: в”Җв”Җв”Җв”Җв”Җв”јв”Җв”Җв”Җв”Җв”Җв”Җв”Җв– в”Җв”Җв”Ө H в”ң
В«          в”Ӯ       в”Ӯ  в”ңв”Җв”Җв”Җв”Ө
В«q_5: в”Җв”Җв”Җв”Җв”Җв– в”Җв”Җв”Җв”Җв”Җв”Җв”Җв”јв”Җв”Җв”Ө H в”ң
В«     в”Ңв”Җв”Җв”Җв”Җв”Җв”Җв”Җв”Җв”Җв”җ  в”Ӯ  в”ңв”Җв”Җв”Җв”Ө
В«q_6: в”Ө Rx(ПҖ/2) в”ңв”Җв”Җв”јв”Җв”Җв”Ө H в”ң
В«     в””в”Җв”Җв”Җв”Җв”Җв”Җв”Җв”Җв”Җв”ҳ  в”Ӯ  в”ңв”Җв”Җв”Җв”Ө
В«q_7: в”Җв”Җв”Җв”Җв”Җв”Җв”Җв”Җв”Җв”Җв”Җв”Җв”Җв– в”Җв”Җв”Ө H в”ң
В«                     в””в”Җв”Җв”Җв”ҳ
Model objective value = 3.00e+00
MIP runtime: 1.746047019958496
OPTIMAL, MIP gap = 0.0
--------------------
--> supremacy_12 subcircuit_entries:
Subcircuit_0 has 64 entries
Subcircuit_1 has 64 entries
******************** evaluation mode = sv ********************
--> Running Subcircuits supremacy_12
--> Attribute shots supremacy_12
evaluate took 1.757258e+02 seconds
--> Build supremacy_12
Overhead = {'additions': 258048, 'multiplications': 262144}
Total build time: 49.218227 seconds
Cut: 1 recursions.
{0: {'subcircuit_state': {0: ['active', 'active', 'active', 'active', 'active', 'active', 'active'], 1: ['active', 'active', 'active', 'active', 'active']}, 'upper_bin': None, 'smart_order': [1, 0], 'bins': array([5.6631732e-05, 5.0629038e-05, 2.1644972e-05, ..., 1.1172990e-05,
       1.1166411e-04, 3.6921239e-04], dtype=float32), 'expanded_bins': []}}
