******************** Cut supremacy_15 ********************
width = 15 depth = 10 size = 22 -->
{'max_subcircuit_width': 10, 'max_subcircuit_cuts': 10, 'subcircuit_size_imbalance': 2, 'max_cuts': 10, 'num_subcircuits': [2, 3]}
Restricted license - for non-production use only - expires 2025-11-24
--------------------
Cutter result:
2 subcircuits, 3 cuts
subcircuit 0
ρ qubits = 1, O qubits = 2, width = 9, effective = 7, depth = 10, size = 53
     ┌───┐     ┌─────────┐   ┌───┐                         ┌─────────┐»
q_0: ┤ H ├──■──┤ Rx(π/2) ├───┤ T ├───────────────────■─────┤ Ry(π/2) ├»
     ├───┤  │  ├─────────┤   └───┘   ┌─────────┐     │     └──┬───┬──┘»
q_1: ┤ H ├──■──┤ Ry(π/2) ├─────■─────┤ Rx(π/2) ├─────┼────────┤ T ├───»
     ├───┤┌───┐└─────────┘     │     └─────────┘     │        └───┘   »
q_2: ┤ H ├┤ T ├────────────────■─────────────────────┼──────────■─────»
     ├───┤├───┤           ┌─────────┐                │          │     »
q_3: ┤ H ├┤ T ├─────■─────┤ Rx(π/2) ├────────────────■──────────┼─────»
     ├───┤├───┤     │     └─────────┘                           │     »
q_4: ┤ H ├┤ T ├─────┼───────────────────────────────────────────┼─────»
     └───┘└───┘     │                ┌─────────┐                │     »
q_5: ───────────────┼──────────■─────┤ Rx(π/2) ├────────────────■─────»
     ┌───┐          │          │     ├─────────┤   ┌───┐      ┌───┐   »
q_6: ┤ H ├──■───────■──────────┼─────┤ Ry(π/2) ├───┤ T ├──────┤ H ├───»
     ├───┤  │  ┌─────────┐     │     └─────────┘┌──┴───┴──┐   ├───┤   »
q_7: ┤ H ├──■──┤ Rx(π/2) ├─────┼──────────■─────┤ Rx(π/2) ├───┤ T ├───»
     ├───┤┌───┐└─────────┘     │          │     ├─────────┤   └───┘   »
q_8: ┤ H ├┤ T ├────────────────■──────────■─────┤ Ry(π/2) ├───────────»
     └───┘└───┘                                 └─────────┘           »
«        ┌───┐      ┌───┐                                   
«q_0: ───┤ T ├──────┤ H ├───────────────────────────────────
«        └───┘      └───┘                              ┌───┐
«q_1: ───────────────────────────────────────────■─────┤ H ├
«                                                │     └───┘
«q_2: ───────────────────────────────────────────┼──────────
«                ┌─────────┐   ┌───┐   ┌───┐     │          
«q_3: ─────■─────┤ Rx(π/2) ├───┤ T ├───┤ H ├─────┼──────────
«          │     └─────────┘   └───┘   └───┘     │     ┌───┐
«q_4: ─────■──────────■──────────────────■───────■─────┤ H ├
«     ┌─────────┐     │        ┌───┐     │  ┌─────────┐├───┤
«q_5: ┤ Ry(π/2) ├─────┼────────┤ T ├─────■──┤ Rx(π/2) ├┤ H ├
«     └─────────┘     │        └───┘        └─────────┘└───┘
«q_6: ────────────────┼─────────────────────────────────────
«                     │     ┌─────────┐┌───┐   ┌───┐        
«q_7: ────────────────■─────┤ Rx(π/2) ├┤ T ├───┤ H ├────────
«                           └─────────┘└───┘   └───┘        
«q_8: ──────────────────────────────────────────────────────
«                                                           
subcircuit 1
ρ qubits = 2, O qubits = 1, width = 9, effective = 8, depth = 10, size = 48
                          ┌─────────┐   ┌───┐   ┌───┐                   »
q_0: ───────────────■─────┤ Ry(π/2) ├───┤ T ├───┤ H ├───────────────────»
     ┌───┐┌───┐     │     ├─────────┤   └───┘   └───┘                   »
q_1: ┤ H ├┤ T ├─────■─────┤ Ry(π/2) ├─────────────────────────────────■─»
     ├───┤├───┤           └─────────┘                ┌─────────┐┌───┐ │ »
q_2: ┤ H ├┤ T ├───────────────────────────────────■──┤ Ry(π/2) ├┤ T ├─■─»
     ├───┤└───┘                                   │  └─────────┘└───┘   »
q_3: ┤ H ├──■─────────────────────────────────────┼─────────────────────»
     ├───┤  │  ┌─────────┐                        │  ┌─────────┐┌───┐   »
q_4: ┤ H ├──■──┤ Ry(π/2) ├────────────────■───────┼──┤ Ry(π/2) ├┤ T ├─■─»
     ├───┤┌───┐└─────────┘                │       │  ├─────────┤├───┤ │ »
q_5: ┤ H ├┤ T ├────────────────■──────────■───────■──┤ Rx(π/2) ├┤ T ├─┼─»
     └───┘└───┘                │     ┌─────────┐┌───┐└──┬───┬──┘└───┘ │ »
q_6: ───────────────■──────────┼─────┤ Rx(π/2) ├┤ T ├───┤ H ├─────────┼─»
     ┌───┐┌───┐     │          │     └─────────┘└───┘   └───┘         │ »
q_7: ┤ H ├┤ T ├─────■──────────┼──────────────────────────────────────■─»
     ├───┤├───┤                │     ┌─────────┐┌───┐                   »
q_8: ┤ H ├┤ T ├────────────────■─────┤ Ry(π/2) ├┤ T ├───────────────────»
     └───┘└───┘                      └─────────┘└───┘                   »
«                                
«q_0: ───────────────────────────
«                           ┌───┐
«q_1: ────────────────■─────┤ H ├
«     ┌─────────┐     │     ├───┤
«q_2: ┤ Rx(π/2) ├─────┼─────┤ H ├
«     └─────────┘     │     └───┘
«q_3: ────────────────┼──────────
«     ┌─────────┐     │     ┌───┐
«q_4: ┤ Ry(π/2) ├─────■─────┤ H ├
«     └──┬───┬──┘           └───┘
«q_5: ───┤ H ├───────────────────
«        └───┘                   
«q_6: ───────────────────────────
«                ┌─────────┐┌───┐
«q_7: ─────■─────┤ Rx(π/2) ├┤ H ├
«          │     ├─────────┤├───┤
«q_8: ─────■─────┤ Ry(π/2) ├┤ H ├
«                └─────────┘└───┘
Model objective value = 3.00e+00
MIP runtime: 1.838681936264038
OPTIMAL, MIP gap = 0.0
--------------------
--> supremacy_15 subcircuit_entries:
Subcircuit_0 has 64 entries
Subcircuit_1 has 64 entries
******************** evaluation mode = sv ********************
--> Running Subcircuits supremacy_15
--> Attribute shots supremacy_15
evaluate took 1.697662e+02 seconds
--> Build supremacy_15
Overhead = {'additions': 2064384, 'multiplications': 2097152}
Total build time: 51.120580 seconds
Cut: 1 recursions.
{0: {'subcircuit_state': {0: ['active', 'active', 'active', 'active', 'active', 'active', 'active'], 1: ['active', 'active', 'active', 'active', 'active', 'active', 'active', 'active']}, 'upper_bin': None, 'smart_order': [0, 1], 'bins': array([4.6474092e-06, 1.0110586e-05, 2.5520409e-05, ..., 6.4487372e-06,
       9.7471420e-06, 2.4712692e-06], dtype=float32), 'expanded_bins': []}}
