-- Cut --
******************** Cut supremacy_10_12 ********************
width = 12 depth = 10 size = 17 -->
{'max_subcircuit_width': 10, 'max_subcircuit_cuts': 10, 'subcircuit_size_imbalance': 2, 'max_cuts': 10, 'num_subcircuits': [2, 3, 4, 5, 6, 7, 8]}
Set parameter GURO_PAR_SPECIAL
Set parameter TokenServer to value "license.rc.princeton.edu"
--------------------
Cutter result:
2 subcircuits, 3 cuts
subcircuit 0
ρ qubits = 3, O qubits = 0, width = 7, effective = 7, depth = 10, size = 40
        ┌───┐        ┌─────────┐┌───┐                      ┌─────────┐»
q_0: ───┤ H ├─────■──┤ Rx(π/2) ├┤ T ├────────────────■─────┤ Ry(π/2) ├»
        ├───┤     │  ├─────────┤└───┘┌─────────┐     │     └──┬───┬──┘»
q_1: ───┤ H ├─────■──┤ Ry(π/2) ├──■──┤ Rx(π/2) ├─────┼────────┤ T ├───»
        ├───┤   ┌───┐└─────────┘  │  └─────────┘     │     ┌──┴───┴──┐»
q_2: ───┤ H ├───┤ T ├─────────────■───────■──────────┼─────┤ Rx(π/2) ├»
     ┌──┴───┴──┐└───┘                     │          │     └─────────┘»
q_3: ┤ Ry(π/2) ├──────────────────────────┼──────────■──────────■─────»
     └──┬───┬──┘┌───┐                     │                     │     »
q_4: ───┤ H ├───┤ T ├─────────────────────┼─────────────────────■─────»
     ┌──┴───┴──┐└───┘                     │     ┌─────────┐   ┌───┐   »
q_5: ┤ Ry(π/2) ├──────────────────────────■─────┤ Ry(π/2) ├───┤ T ├───»
     ├─────────┤                                └─────────┘   └───┘   »
q_6: ┤ Ry(π/2) ├──────────────────────────────────────────────────────»
     └─────────┘                                                      »
«        ┌───┐      ┌───┐                        
«q_0: ───┤ T ├──────┤ H ├────────────────────────
«        └───┘      └───┘                   ┌───┐
«q_1: ───────────────────────────────────■──┤ H ├
«        ┌───┐      ┌───┐                │  └───┘
«q_2: ───┤ T ├──────┤ H ├────────────────┼───────
«     ┌──┴───┴──┐   ├───┤      ┌───┐     │       
«q_3: ┤ Rx(π/2) ├───┤ T ├──────┤ H ├─────┼───────
«     └─────────┘   └───┘      └───┘     │  ┌───┐
«q_4: ─────■──────────■──────────────────■──┤ H ├
«          │          │     ┌─────────┐┌───┐└───┘
«q_5: ─────┼──────────■─────┤ Ry(π/2) ├┤ H ├─────
«          │     ┌─────────┐└──┬───┬──┘├───┤     
«q_6: ─────■─────┤ Rx(π/2) ├───┤ T ├───┤ H ├─────
«                └─────────┘   └───┘   └───┘     
subcircuit 1
ρ qubits = 0, O qubits = 3, width = 8, effective = 5, depth = 10, size = 37
     ┌───┐┌───┐                                                            »
q_0: ┤ H ├┤ T ├─────■──────────────────────────────────────────────────────»
     ├───┤├───┤     │                                                      »
q_1: ┤ H ├┤ T ├─────┼──────■───────────────────────────────────────────────»
     ├───┤└───┘     │      │ ┌─────────┐   ┌───┐                           »
q_2: ┤ H ├──■───────■──────┼─┤ Ry(π/2) ├───┤ T ├───────────────────────────»
     ├───┤  │  ┌─────────┐ │ └─────────┘   └───┘                           »
q_3: ┤ H ├──■──┤ Rx(π/2) ├─┼──────■─────────────────■──────────────────────»
     ├───┤┌───┐└─────────┘ │      │     ┌─────────┐ │ ┌───┐                »
q_4: ┤ H ├┤ T ├────────────■──────■─────┤ Ry(π/2) ├─┼─┤ T ├────────────────»
     ├───┤├───┤                         └─────────┘ │ └───┘┌─────────┐┌───┐»
q_5: ┤ H ├┤ T ├─────────────────────────────────────┼───■──┤ Rx(π/2) ├┤ T ├»
     ├───┤├───┤                                     │   │  ├─────────┤└───┘»
q_6: ┤ H ├┤ T ├─────────────────────────────────────■───■──┤ Ry(π/2) ├──■──»
     ├───┤├───┤                                            └─────────┘  │  »
q_7: ┤ H ├┤ T ├─────────────────────────────────────────────────────────■──»
     └───┘└───┘                                                            »
«                          
«q_0: ─────────────────────
«                          
«q_1: ─────────────────────
«                ┌───┐     
«q_2: ─────■─────┤ H ├─────
«          │     └───┘     
«q_3: ─────┼───────────────
«          │          ┌───┐
«q_4: ─────┼───────■──┤ H ├
«          │       │  ├───┤
«q_5: ─────■───────┼──┤ H ├
«     ┌─────────┐  │  ├───┤
«q_6: ┤ Ry(π/2) ├──┼──┤ H ├
«     └─────────┘  │  ├───┤
«q_7: ─────────────■──┤ H ├
«                     └───┘
Model objective value = 3.00e+00
MIP runtime: 0.03672599792480469
OPTIMAL, MIP gap = 0.0
--------------------
--> supremacy_10_12 subcircuit_entries:
Subcircuit_0 has 64 entries
Subcircuit_1 has 64 entries
-- Done Cutting -- 

-- Evaluate --
******************** evaluation mode = sv ********************
--> Running Subcircuits supremacy_10_12
--> Attribute shots supremacy_10_12
evaluate took 5.730230e+00 seconds
-- Done Evaluating -- 

-- Build --
--> Build supremacy_10_12
Overhead = {'additions': 258048, 'multiplications': 262144}
-- Done Building -- 


 Performance counter stats for 'python example.py --circuit_size=12 --max_subcircuit_width=10 --circuit_type=supremacy':

            32,768      fp_arith_inst_retired.256b_packed_single:u                                   

      11.050152327 seconds time elapsed

     108.557516000 seconds user
      34.794290000 seconds sys


