MASTER_ADDR=adroit-h11g3
MASTER_PORT=54571
WORLD_SIZE=2
2024-07-24 13:30:42.408325: W tensorflow/compiler/tf2tensorrt/utils/py_utils.cc:38] TF-TRT Warning: Could not find TensorRT
--- Cutting and Evalualting supremacy_12_10.pkl --- 
-- Cut -- 
Set parameter GURO_PAR_SPECIAL
Set parameter TokenServer to value "license.rc.princeton.edu"
-- Done Cutting -- 

-- Evaluate --
-- Done Evaluating -- 

-- Dumping CutQC Object into supremacy_12_10.pkl --
2024-07-24 13:31:45.480142: I tensorflow/core/platform/cpu_feature_guard.cc:182] This TensorFlow binary is optimized to use available CPU instructions in performance-critical operations.
To enable the following instructions: AVX2 AVX512F FMA, in other operations, rebuild TensorFlow with the appropriate compiler flags.
2024-07-24 13:31:45.480816: I tensorflow/core/platform/cpu_feature_guard.cc:182] This TensorFlow binary is optimized to use available CPU instructions in performance-critical operations.
To enable the following instructions: AVX2 AVX512F FMA, in other operations, rebuild TensorFlow with the appropriate compiler flags.
2024-07-24 13:31:46.421727: W tensorflow/compiler/tf2tensorrt/utils/py_utils.cc:38] TF-TRT Warning: Could not find TensorRT
2024-07-24 13:31:46.421803: W tensorflow/compiler/tf2tensorrt/utils/py_utils.cc:38] TF-TRT Warning: Could not find TensorRT
--- Beginning dist_run.py ---
args.backend: nccl
Local Rank: 0
World Rank: 0
World Size: 2
GPUS-Avail: 2
Hello world! This is worker: 0. I have 2 siblings!
-- Running pickle_files/supremacy_12_10.pkl --
self.parallel_reconstruction: True
subcircuit_entry_lengh: [32, 128]
batches Host: (tensor([[[ 1.6965e-02,  4.5535e-02,  1.6965e-02,  ...,  0.0000e+00,
           0.0000e+00,  0.0000e+00],
         [ 4.8215e-02,  7.6785e-02,  5.4688e-02,  ...,  7.0312e-02,
           4.8215e-02,  7.6785e-02]],

        [[ 1.7347e-18,  0.0000e+00, -5.2042e-18,  ...,  0.0000e+00,
           0.0000e+00,  0.0000e+00],
         [-2.3993e-02, -6.4396e-02, -3.3146e-02,  ...,  5.5243e-02,
           2.3993e-02,  6.4396e-02]],

        [[ 9.3174e-19,  5.2042e-18,  6.5052e-18,  ...,  0.0000e+00,
           0.0000e+00,  0.0000e+00],
         [ 2.6674e-02, -2.6674e-02, -2.6674e-02,  ..., -2.6674e-02,
          -2.6674e-02,  2.6674e-02]],

        ...,

        [[ 7.8125e-03, -1.3878e-17,  1.3404e-03,  ...,  0.0000e+00,
           0.0000e+00,  0.0000e+00],
         [ 1.3337e-02, -1.3337e-02, -1.3337e-02,  ..., -2.2882e-03,
          -2.2882e-03,  2.2882e-03]],

        [[ 1.2193e-02, -3.8866e-02,  2.0919e-03,  ...,  0.0000e+00,
           0.0000e+00,  0.0000e+00],
         [ 5.0307e-17, -3.4694e-18, -1.4962e-17,  ...,  1.0408e-17,
          -1.6480e-17,  2.2877e-17]],

        [[ 2.8189e-18,  1.7347e-18, -5.6921e-18,  ...,  0.0000e+00,
           0.0000e+00,  0.0000e+00],
         [-3.9062e-03,  3.9062e-03,  3.9062e-03,  ...,  3.9062e-03,
           3.9062e-03, -3.9062e-03]]]),)
--- Beginning dist_run.py ---
args.backend: nccl
Local Rank: 1
World Rank: 1
World Size: 2
GPUS-Avail: 2
Hello world! This is worker: 1. I have 2 siblings!
-- Running pickle_files/supremacy_12_10.pkl --
self.parallel_reconstruction: True
TENSORSIZES SHAPE 2
reconstruct works
Compute Time: 0.6757641048170626
[rank0]: Traceback (most recent call last):
[rank0]:   File "dist_run.py", line 66, in <module>
[rank0]:     init_processes(args=args)
[rank0]:   File "dist_run.py", line 47, in init_processes
[rank0]:     run(args)
[rank0]:   File "dist_run.py", line 41, in run
[rank0]:     write_results(dirname, filename, (compute_time))
[rank0]:   File "dist_run.py", line 20, in write_results
[rank0]:     file.write(f"Compute Time: {results[0]}\n")
[rank0]: TypeError: 'float' object is not subscriptable
srun: error: adroit-h11g3: task 0: Exited with exit code 1
srun: Terminating StepId=2203985.0
slurmstepd: error: *** STEP 2203985.0 ON adroit-h11g3 CANCELLED AT 2024-07-24T13:32:16 ***
srun: error: adroit-h11g3: task 1: Terminated
srun: Force Terminated StepId=2203985.0
