MASTER_ADDR=adroit-h11g3
MASTER_PORT=13624
WORLD_SIZE=2
2024-07-24 13:40:04.410854: W tensorflow/compiler/tf2tensorrt/utils/py_utils.cc:38] TF-TRT Warning: Could not find TensorRT
--- Cutting and Evalualting supremacy_12_10.pkl --- 
-- Cut -- 
Set parameter GURO_PAR_SPECIAL
Set parameter TokenServer to value "license.rc.princeton.edu"
-- Done Cutting -- 

-- Evaluate --
-- Done Evaluating -- 

-- Dumping CutQC Object into supremacy_12_10.pkl --
2024-07-24 13:41:07.718152: I tensorflow/core/platform/cpu_feature_guard.cc:182] This TensorFlow binary is optimized to use available CPU instructions in performance-critical operations.
To enable the following instructions: AVX2 AVX512F FMA, in other operations, rebuild TensorFlow with the appropriate compiler flags.
2024-07-24 13:41:07.718000: I tensorflow/core/platform/cpu_feature_guard.cc:182] This TensorFlow binary is optimized to use available CPU instructions in performance-critical operations.
To enable the following instructions: AVX2 AVX512F FMA, in other operations, rebuild TensorFlow with the appropriate compiler flags.
2024-07-24 13:41:08.693733: W tensorflow/compiler/tf2tensorrt/utils/py_utils.cc:38] TF-TRT Warning: Could not find TensorRT
2024-07-24 13:41:08.693819: W tensorflow/compiler/tf2tensorrt/utils/py_utils.cc:38] TF-TRT Warning: Could not find TensorRT
--- Beginning dist_run.py ---
args.backend: nccl
Local Rank: 0
World Rank: 0
World Size: 2
GPUS-Avail: 2
Hello world! This is worker: 0. I have 2 siblings!
-- Running pickle_files/supremacy_12_10.pkl --
self.parallel_reconstruction: True
subcircuit_entry_lengh: [32, 128]
batches Host: (tensor([[[ 3.9062e-02,  2.3438e-02,  3.9062e-02,  ...,  0.0000e+00,
           0.0000e+00,  0.0000e+00],
         [ 5.4688e-02,  7.0312e-02,  4.8215e-02,  ...,  7.0312e-02,
           4.8215e-02,  7.6785e-02]],

        [[-7.8063e-18, -1.7347e-18,  1.1384e-18,  ...,  0.0000e+00,
           0.0000e+00,  0.0000e+00],
         [-3.3146e-02, -5.5243e-02, -2.3993e-02,  ...,  5.5243e-02,
           2.3993e-02,  6.4396e-02]],

        [[-1.7347e-18, -2.6021e-18, -4.3368e-18,  ...,  0.0000e+00,
           0.0000e+00,  0.0000e+00],
         [-2.9910e-02,  2.9910e-02,  2.9910e-02,  ..., -2.9910e-02,
          -2.9910e-02,  2.9910e-02]],

        ...,

        [[ 4.5765e-03,  3.2360e-03,  2.6674e-02,  ...,  0.0000e+00,
           0.0000e+00,  0.0000e+00],
         [ 4.5765e-03,  2.6674e-02, -4.5765e-03,  ..., -2.6674e-02,
           4.5765e-03,  2.6674e-02]],

        [[-3.4323e-03, -1.1441e-03, -2.0005e-02,  ...,  0.0000e+00,
           0.0000e+00,  0.0000e+00],
         [-6.9389e-18, -4.1633e-17, -1.0408e-17,  ..., -3.6429e-17,
          -1.7347e-18,  1.7347e-17]],

        [[ 3.4694e-18, -2.6021e-18,  3.4694e-18,  ...,  0.0000e+00,
           0.0000e+00,  0.0000e+00],
         [-1.1049e-02, -1.1049e-02,  1.1049e-02,  ..., -1.1049e-02,
           1.1049e-02,  1.1049e-02]]]),)
--- Beginning dist_run.py ---
args.backend: nccl
Local Rank: 1
World Rank: 1
World Size: 2
GPUS-Avail: 2
Hello world! This is worker: 1. I have 2 siblings!
-- Running pickle_files/supremacy_12_10.pkl --
self.parallel_reconstruction: True
TENSORSIZES SHAPE 2
reconstruct works
Compute Time: 0.6699258349835873
DESTROYING NOW ! 0.6699258349835873
TENSORSIZES SHAPE -1
