MASTER_ADDR=adroit-h11g3
MASTER_PORT=51994
WORLD_SIZE=2
2024-07-24 13:20:31.454370: W tensorflow/compiler/tf2tensorrt/utils/py_utils.cc:38] TF-TRT Warning: Could not find TensorRT
--- Cutting and Evalualting supremacy_12_10.pkl --- 
-- Cut -- 
Set parameter GURO_PAR_SPECIAL
Set parameter TokenServer to value "license.rc.princeton.edu"
-- Done Cutting -- 

-- Evaluate --
-- Done Evaluating -- 

-- Dumping CutQC Object into supremacy_12_10.pkl --
2024-07-24 13:21:34.119051: I tensorflow/core/platform/cpu_feature_guard.cc:182] This TensorFlow binary is optimized to use available CPU instructions in performance-critical operations.
To enable the following instructions: AVX2 AVX512F FMA, in other operations, rebuild TensorFlow with the appropriate compiler flags.
2024-07-24 13:21:34.119498: I tensorflow/core/platform/cpu_feature_guard.cc:182] This TensorFlow binary is optimized to use available CPU instructions in performance-critical operations.
To enable the following instructions: AVX2 AVX512F FMA, in other operations, rebuild TensorFlow with the appropriate compiler flags.
2024-07-24 13:21:35.066858: W tensorflow/compiler/tf2tensorrt/utils/py_utils.cc:38] TF-TRT Warning: Could not find TensorRT
2024-07-24 13:21:35.066950: W tensorflow/compiler/tf2tensorrt/utils/py_utils.cc:38] TF-TRT Warning: Could not find TensorRT
--- Beginning dist_run.py ---
args.backend: nccl
Local Rank: 0
World Rank: 0
World Size: 2
GPUS-Avail: 2
Hello world! This is worker: 0. I have 2 siblings!
-- Running pickle_files/supremacy_12_10.pkl --
self.parallel_reconstruction: True
subcircuit_entry_lengh: [32, 128]
batches Host: (tensor([[[ 3.1250e-02,  3.1250e-02,  3.1250e-02,  ...,  0.0000e+00,
           0.0000e+00,  0.0000e+00],
         [ 4.8215e-02,  7.6785e-02,  5.4688e-02,  ...,  7.6785e-02,
           5.4688e-02,  7.0312e-02]],

        [[ 2.0817e-17, -1.4095e-17, -9.5410e-18,  ...,  0.0000e+00,
           0.0000e+00,  0.0000e+00],
         [ 2.9910e-02, -2.9910e-02, -2.9910e-02,  ...,  2.9910e-02,
           2.9910e-02, -2.9910e-02]],

        [[-1.6180e-03,  1.6180e-03,  1.6180e-03,  ...,  0.0000e+00,
           0.0000e+00,  0.0000e+00],
         [ 2.3993e-02,  6.4396e-02,  3.3146e-02,  ..., -6.4396e-02,
          -3.3146e-02, -5.5243e-02]],

        ...,

        [[ 8.6736e-19, -1.1493e-17,  1.4745e-17,  ...,  0.0000e+00,
           0.0000e+00,  0.0000e+00],
         [ 3.4694e-18,  2.4286e-17,  2.3419e-17,  ...,  4.1633e-17,
           3.4694e-18,  1.0408e-17]],

        [[-2.5056e-02, -2.5056e-02, -1.6180e-03,  ...,  0.0000e+00,
           0.0000e+00,  0.0000e+00],
         [ 4.5765e-03,  2.6674e-02, -4.5765e-03,  ..., -2.6674e-02,
           4.5765e-03,  2.6674e-02]],

        [[ 4.7391e-04, -4.7391e-04,  2.9436e-02,  ...,  0.0000e+00,
           0.0000e+00,  0.0000e+00],
         [-1.1049e-02, -1.1049e-02,  1.1049e-02,  ..., -1.1049e-02,
           1.1049e-02,  1.1049e-02]]]),)
--- Beginning dist_run.py ---
args.backend: nccl
Local Rank: 1
World Rank: 1
World Size: 2
GPUS-Avail: 2
Hello world! This is worker: 1. I have 2 siblings!
-- Running pickle_files/supremacy_12_10.pkl --
self.parallel_reconstruction: True
TENSORSIZES SHAPE 2
reconstruct works
[rank0]: Traceback (most recent call last):
[rank0]:   File "dist_run.py", line 66, in <module>
[rank0]:     init_processes(args=args)
[rank0]:   File "dist_run.py", line 47, in init_processes
[rank0]:     run(args)
[rank0]:   File "dist_run.py", line 35, in run
[rank0]:     compute_time = cutqc.build(mem_limit=32, recursion_depth=1)
[rank0]:   File "/scratch/network/ev4939/projects/CutQC/cutqc/main.py", line 165, in build
[rank0]:     self.dd.build ()
[rank0]:   File "/scratch/network/ev4939/projects/CutQC/cutqc/dynamic_definition.py", line 85, in build
[rank0]:     recursion_overhead = self.graph_contractor.overhead
[rank0]: AttributeError: 'DistributedGraphContractor' object has no attribute 'overhead'
srun: error: adroit-h11g3: task 0: Exited with exit code 1
srun: Terminating StepId=2203984.0
slurmstepd: error: *** STEP 2203984.0 ON adroit-h11g3 CANCELLED AT 2024-07-24T13:22:05 ***
srun: error: adroit-h11g3: task 1: Terminated
srun: Force Terminated StepId=2203984.0
